2020-04-29 23:52:42,891 INFO hsort: Starting timer
2020-04-29 23:52:43,632 INFO client.RMProxy: Connecting to ResourceManager at /192.168.122.91:8032
2020-04-29 23:52:44,026 WARN mapreduce.JobResourceUploader: Hadoop command-line option parsing not performed. Implement the Tool interface and execute your application with ToolRunner to remedy this.
2020-04-29 23:52:44,036 INFO mapreduce.JobResourceUploader: Disabling Erasure Coding for path: /tmp/hadoop-yarn/staging/ubuntu/.staging/job_1588128306996_0004
2020-04-29 23:52:44,155 INFO sasl.SaslDataTransferClient: SASL encryption trust check: localHostTrusted = false, remoteHostTrusted = false
2020-04-29 23:52:44,272 INFO input.FileInputFormat: Total input files to process : 1
2020-04-29 23:52:44,376 INFO sasl.SaslDataTransferClient: SASL encryption trust check: localHostTrusted = false, remoteHostTrusted = false
2020-04-29 23:52:44,453 INFO sasl.SaslDataTransferClient: SASL encryption trust check: localHostTrusted = false, remoteHostTrusted = false
2020-04-29 23:52:44,463 INFO mapreduce.JobSubmitter: number of splits:384
2020-04-29 23:52:44,586 INFO sasl.SaslDataTransferClient: SASL encryption trust check: localHostTrusted = false, remoteHostTrusted = false
2020-04-29 23:52:44,600 INFO mapreduce.JobSubmitter: Submitting tokens for job: job_1588128306996_0004
2020-04-29 23:52:44,600 INFO mapreduce.JobSubmitter: Executing with tokens: []
2020-04-29 23:52:44,805 INFO conf.Configuration: resource-types.xml not found
2020-04-29 23:52:44,806 INFO resource.ResourceUtils: Unable to find 'resource-types.xml'.
2020-04-29 23:52:44,872 INFO impl.YarnClientImpl: Submitted application application_1588128306996_0004
2020-04-29 23:52:44,906 INFO mapreduce.Job: The url to track the job: http://demo-namenode.local:8088/proxy/application_1588128306996_0004/
2020-04-29 23:52:44,907 INFO mapreduce.Job: Running job: job_1588128306996_0004
2020-04-29 23:52:51,052 INFO mapreduce.Job: Job job_1588128306996_0004 running in uber mode : false
2020-04-29 23:52:51,055 INFO mapreduce.Job:  map 0% reduce 0%
2020-04-29 23:53:03,238 INFO mapreduce.Job:  map 2% reduce 0%
2020-04-29 23:53:06,265 INFO mapreduce.Job:  map 5% reduce 0%
2020-04-29 23:53:07,275 INFO mapreduce.Job:  map 8% reduce 0%
2020-04-29 23:53:13,330 INFO mapreduce.Job:  map 9% reduce 0%
2020-04-29 23:53:20,391 INFO mapreduce.Job:  map 10% reduce 0%
2020-04-29 23:53:21,399 INFO mapreduce.Job:  map 15% reduce 0%
2020-04-29 23:53:23,409 INFO mapreduce.Job:  map 16% reduce 0%
2020-04-29 23:53:24,426 INFO mapreduce.Job:  map 17% reduce 0%
2020-04-29 23:53:27,440 INFO mapreduce.Job:  map 17% reduce 1%
2020-04-29 23:53:29,450 INFO mapreduce.Job:  map 17% reduce 2%
2020-04-29 23:53:32,463 INFO mapreduce.Job:  map 18% reduce 2%
2020-04-29 23:53:33,474 INFO mapreduce.Job:  map 19% reduce 2%
2020-04-29 23:53:34,478 INFO mapreduce.Job:  map 20% reduce 2%
2020-04-29 23:53:35,486 INFO mapreduce.Job:  map 22% reduce 2%
2020-04-29 23:53:38,503 INFO mapreduce.Job:  map 23% reduce 2%
2020-04-29 23:53:39,508 INFO mapreduce.Job:  map 23% reduce 3%
2020-04-29 23:53:40,512 INFO mapreduce.Job:  map 24% reduce 3%
2020-04-29 23:53:42,522 INFO mapreduce.Job:  map 24% reduce 4%
2020-04-29 23:53:43,533 INFO mapreduce.Job:  map 25% reduce 4%
2020-04-29 23:53:45,547 INFO mapreduce.Job:  map 25% reduce 5%
2020-04-29 23:53:46,555 INFO mapreduce.Job:  map 27% reduce 5%
2020-04-29 23:53:48,577 INFO mapreduce.Job:  map 27% reduce 6%
2020-04-29 23:53:49,864 INFO mapreduce.Job:  map 28% reduce 6%
2020-04-29 23:53:51,886 INFO mapreduce.Job:  map 29% reduce 6%
2020-04-29 23:53:52,890 INFO mapreduce.Job:  map 30% reduce 8%
2020-04-29 23:53:53,898 INFO mapreduce.Job:  map 31% reduce 8%
2020-04-29 23:53:56,923 INFO mapreduce.Job:  map 31% reduce 9%
2020-04-29 23:53:57,936 INFO mapreduce.Job:  map 32% reduce 9%
2020-04-29 23:53:59,950 INFO mapreduce.Job:  map 33% reduce 10%
2020-04-29 23:54:04,011 INFO mapreduce.Job:  map 35% reduce 10%
2020-04-29 23:54:05,018 INFO mapreduce.Job:  map 35% reduce 11%
2020-04-29 23:54:08,040 INFO mapreduce.Job:  map 36% reduce 11%
2020-04-29 23:54:10,053 INFO mapreduce.Job:  map 38% reduce 12%
2020-04-29 23:54:13,072 INFO mapreduce.Job:  map 39% reduce 12%
2020-04-29 23:54:14,076 INFO mapreduce.Job:  map 40% reduce 12%
2020-04-29 23:54:15,079 INFO mapreduce.Job:  map 40% reduce 13%
2020-04-29 23:54:18,093 INFO mapreduce.Job:  map 41% reduce 13%
2020-04-29 23:54:19,096 INFO mapreduce.Job:  map 42% reduce 13%
2020-04-29 23:54:21,105 INFO mapreduce.Job:  map 44% reduce 14%
2020-04-29 23:54:22,113 INFO mapreduce.Job:  map 45% reduce 14%
2020-04-29 23:54:25,128 INFO mapreduce.Job:  map 45% reduce 15%
2020-04-29 23:54:28,156 INFO mapreduce.Job:  map 46% reduce 15%
2020-04-29 23:54:29,162 INFO mapreduce.Job:  map 47% reduce 15%
2020-04-29 23:54:32,180 INFO mapreduce.Job:  map 49% reduce 15%
2020-04-29 23:54:33,184 INFO mapreduce.Job:  map 49% reduce 16%
2020-04-29 23:54:36,212 INFO mapreduce.Job:  map 50% reduce 16%
2020-04-29 23:54:38,223 INFO mapreduce.Job:  map 50% reduce 17%
2020-04-29 23:54:39,257 INFO mapreduce.Job:  map 51% reduce 17%
2020-04-29 23:54:40,261 INFO mapreduce.Job:  map 52% reduce 17%
2020-04-29 23:54:42,287 INFO mapreduce.Job:  map 53% reduce 17%
2020-04-29 23:54:45,298 INFO mapreduce.Job:  map 54% reduce 18%
2020-04-29 23:54:47,306 INFO mapreduce.Job:  map 55% reduce 18%
2020-04-29 23:54:50,319 INFO mapreduce.Job:  map 56% reduce 18%
2020-04-29 23:54:51,323 INFO mapreduce.Job:  map 57% reduce 18%
2020-04-29 23:54:54,343 INFO mapreduce.Job:  map 57% reduce 19%
2020-04-29 23:54:55,349 INFO mapreduce.Job:  map 58% reduce 19%
2020-04-29 23:54:56,359 INFO mapreduce.Job:  map 59% reduce 19%
2020-04-29 23:54:59,375 INFO mapreduce.Job:  map 60% reduce 19%
2020-04-29 23:55:00,380 INFO mapreduce.Job:  map 60% reduce 20%
2020-04-29 23:55:02,388 INFO mapreduce.Job:  map 61% reduce 20%
2020-04-29 23:55:05,414 INFO mapreduce.Job:  map 62% reduce 20%
2020-04-29 23:55:07,425 INFO mapreduce.Job:  map 63% reduce 20%
2020-04-29 23:55:08,430 INFO mapreduce.Job:  map 63% reduce 21%
2020-04-29 23:55:09,437 INFO mapreduce.Job:  map 64% reduce 21%
2020-04-29 23:55:11,444 INFO mapreduce.Job:  map 65% reduce 21%
2020-04-29 23:55:12,453 INFO mapreduce.Job:  map 66% reduce 21%
2020-04-29 23:55:14,464 INFO mapreduce.Job:  map 66% reduce 22%
2020-04-29 23:55:18,479 INFO mapreduce.Job:  map 67% reduce 22%
2020-04-29 23:55:20,493 INFO mapreduce.Job:  map 68% reduce 22%
2020-04-29 23:55:21,496 INFO mapreduce.Job:  map 69% reduce 22%
2020-04-29 23:55:24,515 INFO mapreduce.Job:  map 70% reduce 23%
2020-04-29 23:55:30,548 INFO mapreduce.Job:  map 71% reduce 23%
2020-04-29 23:55:33,569 INFO mapreduce.Job:  map 72% reduce 24%
2020-04-29 23:55:34,573 INFO mapreduce.Job:  map 73% reduce 24%
2020-04-29 23:55:42,622 INFO mapreduce.Job:  map 74% reduce 24%
2020-04-29 23:55:44,630 INFO mapreduce.Job:  map 75% reduce 25%
2020-04-29 23:55:46,635 INFO mapreduce.Job:  map 76% reduce 25%
2020-04-29 23:55:47,641 INFO mapreduce.Job:  map 77% reduce 25%
2020-04-29 23:55:51,659 INFO mapreduce.Job:  map 77% reduce 26%
2020-04-29 23:55:54,682 INFO mapreduce.Job:  map 78% reduce 26%
2020-04-29 23:55:56,692 INFO mapreduce.Job:  map 79% reduce 26%
2020-04-29 23:55:58,702 INFO mapreduce.Job:  map 80% reduce 26%
2020-04-29 23:56:01,718 INFO mapreduce.Job:  map 80% reduce 27%
2020-04-29 23:56:02,721 INFO mapreduce.Job:  map 81% reduce 27%
2020-04-29 23:56:08,759 INFO mapreduce.Job:  map 82% reduce 27%
2020-04-29 23:56:09,762 INFO mapreduce.Job:  map 83% reduce 27%
2020-04-29 23:56:12,788 INFO mapreduce.Job:  map 84% reduce 27%
2020-04-29 23:56:14,795 INFO mapreduce.Job:  map 84% reduce 28%
2020-04-29 23:56:19,817 INFO mapreduce.Job:  map 85% reduce 28%
2020-04-29 23:56:21,825 INFO mapreduce.Job:  map 86% reduce 28%
2020-04-29 23:56:22,828 INFO mapreduce.Job:  map 87% reduce 28%
2020-04-29 23:56:24,839 INFO mapreduce.Job:  map 88% reduce 29%
2020-04-29 23:56:34,886 INFO mapreduce.Job:  map 89% reduce 29%
2020-04-29 23:56:35,891 INFO mapreduce.Job:  map 90% reduce 29%
2020-04-29 23:56:36,899 INFO mapreduce.Job:  map 91% reduce 30%
2020-04-29 23:56:40,919 INFO mapreduce.Job:  map 92% reduce 30%
2020-04-29 23:56:44,931 INFO mapreduce.Job:  map 92% reduce 31%
2020-04-29 23:56:47,940 INFO mapreduce.Job:  map 93% reduce 31%
2020-04-29 23:56:48,944 INFO mapreduce.Job:  map 94% reduce 31%
2020-04-29 23:56:49,946 INFO mapreduce.Job:  map 95% reduce 31%
2020-04-29 23:56:53,965 INFO mapreduce.Job:  map 96% reduce 31%
2020-04-29 23:56:54,968 INFO mapreduce.Job:  map 96% reduce 32%
2020-04-29 23:57:04,009 INFO mapreduce.Job:  map 98% reduce 32%
2020-04-29 23:57:07,021 INFO mapreduce.Job:  map 98% reduce 33%
2020-04-29 23:57:09,031 INFO mapreduce.Job:  map 99% reduce 33%
2020-04-29 23:57:12,049 INFO mapreduce.Job:  map 100% reduce 33%
2020-04-29 23:57:13,053 INFO mapreduce.Job:  map 100% reduce 43%
2020-04-29 23:57:19,083 INFO mapreduce.Job:  map 100% reduce 60%
2020-04-29 23:57:25,108 INFO mapreduce.Job:  map 100% reduce 67%
2020-04-29 23:57:26,113 INFO mapreduce.Job:  map 100% reduce 68%
2020-04-29 23:57:31,135 INFO mapreduce.Job:  map 100% reduce 71%
2020-04-29 23:57:37,161 INFO mapreduce.Job:  map 100% reduce 72%
2020-04-29 23:57:43,191 INFO mapreduce.Job:  map 100% reduce 76%
2020-04-29 23:57:46,777 INFO mapreduce.Job:  map 100% reduce 77%
2020-04-29 23:57:48,788 INFO mapreduce.Job:  map 100% reduce 78%
2020-04-29 23:57:54,828 INFO mapreduce.Job:  map 100% reduce 79%
2020-04-29 23:58:20,989 INFO mapreduce.Job:  map 100% reduce 84%
2020-04-29 23:58:39,092 INFO mapreduce.Job:  map 100% reduce 86%
2020-04-29 23:58:51,177 INFO mapreduce.Job:  map 100% reduce 87%
2020-04-29 23:58:56,196 INFO mapreduce.Job:  map 100% reduce 88%
2020-04-29 23:58:57,200 INFO mapreduce.Job:  map 100% reduce 89%
2020-04-29 23:59:03,251 INFO mapreduce.Job:  map 100% reduce 90%
2020-04-29 23:59:08,273 INFO mapreduce.Job:  map 100% reduce 91%
2020-04-29 23:59:09,280 INFO mapreduce.Job:  map 100% reduce 92%
2020-04-29 23:59:15,308 INFO mapreduce.Job:  map 100% reduce 93%
2020-04-29 23:59:21,333 INFO mapreduce.Job:  map 100% reduce 94%
2020-04-29 23:59:27,362 INFO mapreduce.Job:  map 100% reduce 95%
2020-04-29 23:59:32,383 INFO mapreduce.Job:  map 100% reduce 96%
2020-04-29 23:59:38,418 INFO mapreduce.Job:  map 100% reduce 97%
2020-04-29 23:59:44,445 INFO mapreduce.Job:  map 100% reduce 98%
2020-04-29 23:59:50,474 INFO mapreduce.Job:  map 100% reduce 99%
2020-04-29 23:59:56,511 INFO mapreduce.Job:  map 100% reduce 100%
2020-04-29 23:59:56,522 INFO mapreduce.Job: Job job_1588128306996_0004 completed successfully
2020-04-29 23:59:56,685 INFO mapreduce.Job: Counters: 57
	File System Counters
		FILE: Number of bytes read=33871277952
		FILE: Number of bytes written=60244923634
		FILE: Number of read operations=0
		FILE: Number of large read operations=0
		FILE: Number of write operations=0
		HDFS: Number of bytes read=25820047668
		HDFS: Number of bytes written=25769803700
		HDFS: Number of read operations=1187
		HDFS: Number of large read operations=0
		HDFS: Number of write operations=14
		HDFS: Number of bytes read erasure-coded=0
	Job Counters 
		Killed map tasks=1
		Killed reduce tasks=1
		Launched map tasks=384
		Launched reduce tasks=8
		Data-local map tasks=319
		Rack-local map tasks=65
		Total time spent by all maps in occupied slots (ms)=3787160
		Total time spent by all reduces in occupied slots (ms)=2506879
		Total time spent by all map tasks (ms)=3787160
		Total time spent by all reduce tasks (ms)=2506879
		Total vcore-milliseconds taken by all map tasks=3787160
		Total vcore-milliseconds taken by all reduce tasks=2506879
		Total megabyte-milliseconds taken by all map tasks=3878051840
		Total megabyte-milliseconds taken by all reduce tasks=2567044096
	Map-Reduce Framework
		Map input records=257698037
		Map output records=257698037
		Map output bytes=25769803700
		Map output materialized bytes=26285215902
		Input split bytes=43392
		Combine input records=257698037
		Combine output records=257698037
		Reduce input groups=257698037
		Reduce shuffle bytes=26285215902
		Reduce input records=257698037
		Reduce output records=257698037
		Spilled Records=589769385
		Shuffled Maps =2688
		Failed Shuffles=0
		Merged Map outputs=2688
		GC time elapsed (ms)=74322
		CPU time spent (ms)=1939560
		Physical memory (bytes) snapshot=186677362688
		Virtual memory (bytes) snapshot=1014625718272
		Total committed heap usage (bytes)=171336794112
		Peak Map Physical memory (bytes)=698052608
		Peak Map Virtual memory (bytes)=2602090496
		Peak Reduce Physical memory (bytes)=1008857088
		Peak Reduce Virtual memory (bytes)=2636337152
	Shuffle Errors
		BAD_ID=0
		CONNECTION=0
		IO_ERROR=0
		WRONG_LENGTH=0
		WRONG_MAP=0
		WRONG_REDUCE=0
	File Input Format Counters 
		Bytes Read=25820004276
	File Output Format Counters 
		Bytes Written=25769803700
2020-04-29 23:59:56,686 INFO hsort: Time elapsed in ms : 

2020-04-29 23:59:56,686 INFO hsort: 433795
2020-04-29 23:59:56,687 WARN hsort: ===============================================================================
