sudo ./gensort -a 42949672 input4gb

$ sudo iostat -m sda
Linux 4.15.0-91-generic (team-5-01)     04/12/20        _x86_64_        (48 CPU)

avg-cpu:  %user   %nice %system %iowait  %steal   %idle
           0.98    0.00    0.19    0.18    0.00   98.65

Device             tps    MB_read/s    MB_wrtn/s    MB_read    MB_wrtn
sda             186.66        13.54        31.50    1238523    2880077

sudo time -p sort --buffer-size=8G 4gb --parallel=48 -o sort4gb48.txt
real 63.19
user 215.62
sys 30.74

cc@team-5-01:/sort$ sudo /gensort/64/valsort sort4gb48.txt
Records: 42949672
Checksum: 147a91dd0ea4d36
Duplicate keys: 0
SUCCESS - all records are in order

cc@team-5-01:/sort$ sudo iostat -m sda
Linux 4.15.0-91-generic (team-5-01)     04/12/20        _x86_64_        (48 CPU)

avg-cpu:  %user   %nice %system %iowait  %steal   %idle
           0.99    0.00    0.19    0.18    0.00   98.65

Device             tps    MB_read/s    MB_wrtn/s    MB_read    MB_wrtn
sda             186.98        13.61        31.51    1246717    2886707



sudo sort --buffer-size=8G input4gb --parallel=48 -o sort4gb48.txt
sudo /gensort/64/valsort sort4gb48.txt